warning: unused import: `tree_hash::TreeHash`
 --> crates/common/src/pbs/types/execution_payload.rs:4:5
  |
4 | use tree_hash::TreeHash;
  |     ^^^^^^^^^^^^^^^^^^^
  |
  = note: `#[warn(unused_imports)]` on by default

warning: unused variable: `c`
  --> crates/common/src/pbs/service.rs:53:28
   |
53 |     pub fn register_metric(c: Box<dyn Collector>) {
   |                            ^ help: if this is intentional, prefix it with an underscore: `_c`
   |
   = note: `#[warn(unused_variables)]` on by default

warning: unused variable: `network`
  --> crates/common/src/pbs/service.rs:57:25
   |
57 |     pub fn init_metrics(network: Chain) -> Result<()> {
   |                         ^^^^^^^ help: if this is intentional, prefix it with an underscore: `_network`

warning: constant `GET_HEADER_ENDPOINT_TAG` is never used
  --> crates/common/src/pbs/mev_boost/get_header.rs:38:11
   |
38 | pub const GET_HEADER_ENDPOINT_TAG: &str = "get_header";
   |           ^^^^^^^^^^^^^^^^^^^^^^^
   |
   = note: `#[warn(dead_code)]` on by default

warning: constant `TIMEOUT_ERROR_CODE_STR` is never used
  --> crates/common/src/pbs/mev_boost/get_header.rs:40:11
   |
40 | pub const TIMEOUT_ERROR_CODE_STR: &str = "555";
   |           ^^^^^^^^^^^^^^^^^^^^^^

warning: constant `REGISTER_VALIDATOR_ENDPOINT_TAG` is never used
  --> crates/common/src/pbs/mev_boost/register_validator.rs:21:11
   |
21 | pub const REGISTER_VALIDATOR_ENDPOINT_TAG: &str = "register_validator";
   |           ^^^^^^^^^^^^^^^^^^^^^^^^^^^^^^^

warning: constant `TIMEOUT_ERROR_CODE_STR` is never used
  --> crates/common/src/pbs/mev_boost/register_validator.rs:22:11
   |
22 | pub const TIMEOUT_ERROR_CODE_STR: &str = "555";
   |           ^^^^^^^^^^^^^^^^^^^^^^

warning: constant `STATUS_ENDPOINT_TAG` is never used
  --> crates/common/src/pbs/mev_boost/status.rs:18:7
   |
18 | const STATUS_ENDPOINT_TAG: &str = "status";
   |       ^^^^^^^^^^^^^^^^^^^

warning: constant `TIMEOUT_ERROR_CODE_STR` is never used
  --> crates/common/src/pbs/mev_boost/status.rs:19:7
   |
19 | const TIMEOUT_ERROR_CODE_STR: &str = "555";
   |       ^^^^^^^^^^^^^^^^^^^^^^

warning: constant `SUBMIT_BLINDED_BLOCK_ENDPOINT_TAG` is never used
  --> crates/common/src/pbs/mev_boost/submit_block.rs:25:11
   |
25 | pub const SUBMIT_BLINDED_BLOCK_ENDPOINT_TAG: &str = "submit_blinded_block";
   |           ^^^^^^^^^^^^^^^^^^^^^^^^^^^^^^^^^

warning: constant `TIMEOUT_ERROR_CODE_STR` is never used
  --> crates/common/src/pbs/mev_boost/submit_block.rs:26:11
   |
26 | pub const TIMEOUT_ERROR_CODE_STR: &str = "555";
   |           ^^^^^^^^^^^^^^^^^^^^^^

warning: constant `GET_HEADER_ENDPOINT_TAG` is never used
  --> crates/common/src/pbs/routes/get_header.rs:21:7
   |
21 | const GET_HEADER_ENDPOINT_TAG: &str = "get_header";
   |       ^^^^^^^^^^^^^^^^^^^^^^^

warning: constant `REGISTER_VALIDATOR_ENDPOINT_TAG` is never used
  --> crates/common/src/pbs/routes/register_validator.rs:15:7
   |
15 | const REGISTER_VALIDATOR_ENDPOINT_TAG: &str = "register_validator";
   |       ^^^^^^^^^^^^^^^^^^^^^^^^^^^^^^^

warning: constant `RELOAD_ENDPOINT_TAG` is never used
  --> crates/common/src/pbs/routes/reload.rs:13:7
   |
13 | const RELOAD_ENDPOINT_TAG: &str = "reload";
   |       ^^^^^^^^^^^^^^^^^^^

warning: constant `STATUS_ENDPOINT_TAG` is never used
  --> crates/common/src/pbs/routes/status.rs:14:7
   |
14 | const STATUS_ENDPOINT_TAG: &str = "status";
   |       ^^^^^^^^^^^^^^^^^^^

warning: constant `SUBMIT_BLINDED_BLOCK_ENDPOINT_TAG` is never used
  --> crates/common/src/pbs/routes/submit_block.rs:17:7
   |
17 | const SUBMIT_BLINDED_BLOCK_ENDPOINT_TAG: &str = "submit_blinded_block";
   |       ^^^^^^^^^^^^^^^^^^^^^^^^^^^^^^^^^

warning: `cb-common` (lib) generated 16 warnings
   Compiling taiyi-boost v0.1.8 (/workspaces/taiyi/bin/taiyi-boost)
warning: unused imports: `EMPTY_TX_ROOT_HASH`, `GetHeaderParams`, `config::PbsConfig`, `error::ValidationError`, `get_user_agent_with_version`, and `utcnow_ms`
  --> bin/taiyi-boost/src/block_builder.rs:8:5
   |
8  |     config::PbsConfig,
   |     ^^^^^^^^^^^^^^^^^
...
11 |         error::ValidationError, ElectraSpec, ExecutionPayloadHeader,
   |         ^^^^^^^^^^^^^^^^^^^^^^
12 |         ExecutionPayloadHeaderMessageElectra, ExecutionRequests, GetHeaderParams,
   |                                                                  ^^^^^^^^^^^^^^^
13 |         GetHeaderResponse, KzgCommitments, PayloadAndBlobsElectra, SignedExecutionPayloadHeader,
14 |         EMPTY_TX_ROOT_HASH,
   |         ^^^^^^^^^^^^^^^^^^
...
18 |     utils::{get_user_agent_with_version, utcnow_ms},
   |             ^^^^^^^^^^^^^^^^^^^^^^^^^^^  ^^^^^^^^^
   |
   = note: `#[warn(unused_imports)]` on by default

warning: unused import: `hex::FromHex`
 --> bin/taiyi-boost/src/engine_hinter/engine_hints/geth.rs:3:5
  |
3 | use hex::FromHex;
  |     ^^^^^^^^^^^^

warning: unused import: `ssz_rs::Merkleized`
 --> bin/taiyi-boost/src/proofs.rs:6:5
  |
6 | use ssz_rs::Merkleized;
  |     ^^^^^^^^^^^^^^^^^^

warning: unused imports: `List` and `Merkleized`
  --> bin/taiyi-boost/src/types.rs:20:14
   |
20 | use ssz_rs::{List, Merkleized};
   |              ^^^^  ^^^^^^^^^^

warning: unused import: `Transaction`
 --> bin/taiyi-boost/src/types.rs:4:88
  |
4 |     Block, Header, Sealed, Signed, TxEip4844Variant, TxEip4844WithSidecar, TxEnvelope, Transaction as ConsensusTransaction,
  |                                                                                        ^^^^^^^^^^^

warning: unused variable: `root`
  --> bin/taiyi-boost/src/proofs.rs:33:5
   |
33 |     root: B256,
   |     ^^^^ help: if this is intentional, prefix it with an underscore: `_root`
   |
   = note: `#[warn(unused_variables)]` on by default

warning: unused variable: `withdrawals`
   --> bin/taiyi-boost/src/types.rs:333:9
    |
333 |     let withdrawals = &value.body.withdrawals;
    |         ^^^^^^^^^^^ help: if this is intentional, prefix it with an underscore: `_withdrawals`

warning: unused variable: `transactions_bytes`
   --> bin/taiyi-boost/src/types.rs:335:9
    |
335 |     let transactions_bytes = transactions.iter().map(|t| t.encoded_2718()).collect::<Vec<_>>();
    |         ^^^^^^^^^^^^^^^^^^ help: if this is intentional, prefix it with an underscore: `_transactions_bytes`

warning: field `fork_version` is never read
  --> bin/taiyi-boost/src/block_builder.rs:50:5
   |
47 | pub struct LocalBlockBuilder {
   |            ----------------- field in this struct
...
50 |     fork_version: u64,
   |     ^^^^^^^^^^^^
   |
   = note: `LocalBlockBuilder` has a derived impl for the trait `Clone`, but this is intentionally ignored during dead code analysis
   = note: `#[warn(dead_code)]` on by default

warning: constant `MAX_TRANSACTIONS_PER_PAYLOAD` is never used
  --> bin/taiyi-boost/src/types.rs:30:7
   |
30 | const MAX_TRANSACTIONS_PER_PAYLOAD: usize = 1048576;
   |       ^^^^^^^^^^^^^^^^^^^^^^^^^^^^

warning: constant `MAX_WITHDRAWALS_PER_PAYLOAD` is never used
  --> bin/taiyi-boost/src/types.rs:31:7
   |
31 | const MAX_WITHDRAWALS_PER_PAYLOAD: usize = 16;
   |       ^^^^^^^^^^^^^^^^^^^^^^^^^^^

warning: function `to_consensus_withdrawal` is never used
   --> bin/taiyi-boost/src/types.rs:383:8
    |
383 | pub fn to_consensus_withdrawal(value: &cbWithdrawal) -> Withdrawal {
    |        ^^^^^^^^^^^^^^^^^^^^^^^

warning: `taiyi-boost` (bin "taiyi-boost" test) generated 12 warnings (run `cargo fix --bin "taiyi-boost" --tests` to apply 4 suggestions)
    Finished `test` profile [unoptimized + debuginfo] target(s) in 33.47s
     Running unittests src/main.rs (/home/vscode/target/debug/deps/taiyi_boost-5f64d6651a62ee18)

running 5 tests
test block_builder::tests::if_parent_gas_used_plus_parent_excess_gas_is_above_upper_bound_then_calc_excess_blob_gas_returns_difference ... ok
test block_builder::tests::if_parent_gas_used_plus_parent_excess_gas_is_below_upper_bound_then_calc_excess_blob_gas_returns_zero ... ok
test block_builder::tests::local_extra_data ... ok
test block_builder::tests::test_build_local_payload ... ok
test constraints::tests::test_constraints_cache ... ok

test result: ok. 5 passed; 0 failed; 0 ignored; 0 measured; 0 filtered out; finished in 0.09s

